Build started 3/3/2015 2:09:32 PM.
     1>Project "C:\Users\Tanner\Documents\Visual Studio 2010\Projects\Linked list\Linked list\Linked list.vcxproj" on node 2 (Build target(s)).
     1>ClCompile:
         C:\Program Files (x86)\Microsoft Visual Studio 12.0\VC\bin\CL.exe /c /ZI /nologo /W3 /WX- /Od /Oy- /D WIN32 /D _DEBUG /D _CONSOLE /D _UNICODE /D UNICODE /Gm /EHsc /RTC1 /MDd /GS /fp:precise /Zc:wchar_t /Zc:forScope /Fo"Debug\\" /Fd"Debug\vc120.pdb" /Gd /TP /analyze- /errorReport:prompt InfixToPostfixProcess.cpp PostfixProcess.cpp stdafx.cpp
         stdafx.cpp
         PostfixProcess.cpp
     1>c:\users\tanner\documents\visual studio 2010\projects\linked list\linked list\infixtopostfix.h(23): warning C4018: '<' : signed/unsigned mismatch
     1>c:\users\tanner\documents\visual studio 2010\projects\linked list\linked list\postfixprocess.cpp(41): warning C4244: '+=' : conversion from 'float' to 'int', possible loss of data
     1>c:\users\tanner\documents\visual studio 2010\projects\linked list\linked list\postfixprocess.cpp(44): warning C4244: 'return' : conversion from 'int' to 'float', possible loss of data
     1>c:\users\tanner\documents\visual studio 2010\projects\linked list\linked list\postfixprocess.cpp(51): warning C4018: '<' : signed/unsigned mismatch
         InfixToPostfixProcess.cpp
     1>c:\users\tanner\documents\visual studio 2010\projects\linked list\linked list\infixtopostfix.h(23): warning C4018: '<' : signed/unsigned mismatch
         Generating Code...
     1>c:\users\tanner\documents\visual studio 2010\projects\linked list\linked list\infixtopostfix.h(14): warning C4715: 'operPrec' : not all control paths return a value
     1>c:\users\tanner\documents\visual studio 2010\projects\linked list\linked list\linkedlist.h(27): warning C4715: 'List<char>::getItem' : not all control paths return a value
     1>c:\users\tanner\documents\visual studio 2010\projects\linked list\linked list\infixtopostfix.h(14): warning C4715: 'operPrec' : not all control paths return a value
     1>c:\users\tanner\documents\visual studio 2010\projects\linked list\linked list\linkedlist.h(27): warning C4715: 'List<char>::getItem' : not all control paths return a value
       Link:
         C:\Program Files (x86)\Microsoft Visual Studio 12.0\VC\bin\link.exe /ERRORREPORT:PROMPT /OUT:"C:\Users\Tanner\Documents\Visual Studio 2010\Projects\Linked list\Debug\Linked list.exe" /INCREMENTAL /NOLOGO kernel32.lib user32.lib gdi32.lib winspool.lib comdlg32.lib advapi32.lib shell32.lib ole32.lib oleaut32.lib uuid.lib odbc32.lib odbccp32.lib /MANIFEST /MANIFESTUAC:"level='asInvoker' uiAccess='false'" /manifest:embed /DEBUG /PDB:"C:\Users\Tanner\Documents\Visual Studio 2010\Projects\Linked list\Debug\Linked list.pdb" /SUBSYSTEM:CONSOLE /TLBID:1 /DYNAMICBASE /NXCOMPAT /IMPLIB:"C:\Users\Tanner\Documents\Visual Studio 2010\Projects\Linked list\Debug\Linked list.lib" /MACHINE:X86 Debug\InfixToPostfixProcess.obj
         Debug\PostfixProcess.obj
         Debug\stdafx.obj
     1>PostfixProcess.obj : error LNK2005: "class std::basic_string<char,struct std::char_traits<char>,class std::allocator<char> > __cdecl infixToPostfix(class std::basic_string<char,struct std::char_traits<char>,class std::allocator<char> >)" (?infixToPostfix@@YA?AV?$basic_string@DU?$char_traits@D@std@@V?$allocator@D@2@@std@@V12@@Z) already defined in InfixToPostfixProcess.obj
     1>PostfixProcess.obj : error LNK2005: "bool __cdecl isOper(char)" (?isOper@@YA_ND@Z) already defined in InfixToPostfixProcess.obj
     1>PostfixProcess.obj : error LNK2005: "int __cdecl operPrec(char)" (?operPrec@@YAHD@Z) already defined in InfixToPostfixProcess.obj
     1>PostfixProcess.obj : error LNK2005: "bool __cdecl validPara(class std::basic_string<char,struct std::char_traits<char>,class std::allocator<char> >)" (?validPara@@YA_NV?$basic_string@DU?$char_traits@D@std@@V?$allocator@D@2@@std@@@Z) already defined in InfixToPostfixProcess.obj
     1>C:\Users\Tanner\Documents\Visual Studio 2010\Projects\Linked list\Debug\Linked list.exe : fatal error LNK1169: one or more multiply defined symbols found
     1>Done Building Project "C:\Users\Tanner\Documents\Visual Studio 2010\Projects\Linked list\Linked list\Linked list.vcxproj" (Build target(s)) -- FAILED.

Build FAILED.

Time Elapsed 00:00:04.62
